
ROM used:   1786/8192 (22%)
            1786/8192 (22%) including unused fragments

            1.0 Average locations per line
            4.0 Average locations per statement

RAM used:   28/368 (8%) at main() level
            40/368 (11%) worst case

Stack used: 6 worst case (6 in main + 0 for interrupts)
Stack size: 8

Lines Stmts  %   Files
----- ----- ---  -----
  593   343  77  Main.c
    6     0   0  main.h
  671     0   0  C:\Program Files (x86)\PICC\Devices\16F877A.h
  456   100  23  C:\Program Files (x86)\PICC\Drivers\lcd.c
----- -----
 1726   443 Total

Page ROM  %  RAM   Vol Diff  Functions:
---- --- --- ---   --- ----  ----------
0     20   1    1             @delay_ms1
 Inline         3   760  4.5  lcd_read_byte
0     49   3    2   262  3.7  lcd_read_nibble
0     44   2    1   399  2.4  lcd_send_nibble
0     92   5    3   415  3.7  lcd_send_byte
0     70   4    6   852  6.2  lcd_init
0     18   1    4   208  6.3  lcd_gotoxy
0     44   2    1   354  4.7  lcd_putc
0    150   8    0   248  2.3  WritePassEEPROM
0     75   4    1   377  3.8  ReadPassfromEEPROM
0    293  16    0  2662  3.4  ScanKeyboard
0      7   0    0    17  0.8  OnBuzzer
0      7   0    0    17  0.8  OffBuzzer
0     16   1    2   154  3.3  Beep
0      7   0    0    17  0.8  OnLedRed
0      7   0    0    17  0.8  OffLedRed
0      9   1    0    17  0.8  OnLedGreen
0      7   0    0    17  0.8  OffLedGreen
0     27   2    2   160  4.8  CheckPass
0      9   1    0   200  2.3  ResetInput
0     27   2    0    80  1.5  DisplayMain
0      1   0    0             @const686
0     86   5    4             @PSTRINGC7_645
0      9   1    0             @const688
0      9   1    0             @const689
0     20   1    0    61  1.4  DisplayInputPass
0      1   0    0             @const691
0      7   0    0             @const692
0     20   1    0    61  1.4  DisplayChangePass
0      1   0    0             @const694
0      7   0    0             @const695
0    539  30    4  6661 12.4  MAIN
0      9   1    0             @const701
0      9   1    0             @const702
0     21   1    3             @DIV88
0      1   0    0             @const706
0      8   0    0             @const707
0      9   1    0             @const708
0      9   1    0             @const709
0      9   1    0             @const710
0      9   1    0             @const711
0      1   0    0             @const712
0     19   1    0             @goto11098
 Inline         0             @cinit1

Program metrics:
    Functions               23
    Statements              443
    Comments                288
    Volume (V)              20675
    Difficulty (D)          75.1
    Effort to implement (E) 1552538
    Time to implement (T)   23 hours, 58 minutes
    Est Delivered Bugs (B)  4
    Cyclomatic Complexity   64
    Maintainability (MI)    51

 Segment     Used  Free
-----------  ----  ----
00000-00003     4  0  
00004-007FF  1782  262  
00800-00FFF     0  2048  
01000-017FF     0  2048  
01800-01FFF     0  2048  



